<?xml version="1.0" encoding="UTF-8"?>
<!-- Generated by org.testng.reporters.JUnitReportReporter -->
<testsuite hostname="SWQA-1" failures="0" tests="2" name="srimettu.SeleniumFrameworkDesign.tests.ErrorValidation" time="13.109" errors="0" timestamp="2024-04-10T12:16:59 BST" skipped="0">
  <testcase classname="srimettu.SeleniumFrameworkDesign.tests.ErrorValidation" name="logInCheck" time="6.303"/>
  <testcase classname="srimettu.SeleniumFrameworkDesign.tests.ErrorValidation" name="InvalidlogIn" time="6.806"/>
</testsuite> <!-- srimettu.SeleniumFrameworkDesign.tests.ErrorValidation -->
