<?xml version="1.0" encoding="UTF-8"?>
<!-- Generated by org.testng.reporters.JUnitReportReporter -->
<testsuite hostname="SWQA-1" failures="0" tests="1" name="srimettu.SeleniumFrameworkDesign.tests.StandAloneTest" time="10.822" errors="0" timestamp="2024-04-10T10:44:11 BST" skipped="0">
  <testcase classname="srimettu.SeleniumFrameworkDesign.tests.StandAloneTest" name="InvalidlogIn" time="10.822"/>
</testsuite> <!-- srimettu.SeleniumFrameworkDesign.tests.StandAloneTest -->
