<?xml version="1.0" encoding="UTF-8"?>
<!-- Generated by org.testng.reporters.JUnitReportReporter -->
<testsuite hostname="SWQA-1" failures="0" tests="3" name="srimettu.SeleniumFrameworkDesign.StandAloneTest" time="9.260" errors="0" timestamp="2024-04-09T12:37:42 BST" skipped="1">
  <testcase classname="srimettu.SeleniumFrameworkDesign.StandAloneTest" name="bAlertClear" time="5.808"/>
  <testcase classname="srimettu.SeleniumFrameworkDesign.StandAloneTest" name="logInOut" time="3.452"/>
  <testcase classname="srimettu.SeleniumFrameworkDesign.StandAloneTest" name="mAlarmClear">
    <skipped/>
  </testcase> <!-- mAlarmClear -->
</testsuite> <!-- srimettu.SeleniumFrameworkDesign.StandAloneTest -->
