<?xml version="1.0" encoding="UTF-8"?>
<!-- Generated by org.testng.reporters.JUnitReportReporter -->
<testsuite hostname="SWQA-1" failures="0" tests="3" name="cucumber.TestNGTestRunner" time="28.737" errors="0" timestamp="2024-04-17T13:53:27 BST" skipped="0">
  <testcase classname="cucumber.TestNGTestRunner" name="runScenario" time="6.399"/>
  <testcase classname="cucumber.TestNGTestRunner" name="runScenario" time="12.125"/>
  <testcase classname="cucumber.TestNGTestRunner" name="runScenario" time="10.213"/>
</testsuite> <!-- cucumber.TestNGTestRunner -->
