<?xml version="1.0" encoding="UTF-8"?>
<!-- Generated by org.testng.reporters.JUnitReportReporter -->
<testsuite hostname="SWQA-1" failures="0" tests="4" name="srimettu.tests.StandAloneTest" time="34.347" errors="0" timestamp="2024-04-18T09:33:01 BST" skipped="0">
  <testcase classname="srimettu.tests.StandAloneTest" name="mAlarmClear" time="8.935"/>
  <testcase classname="srimettu.tests.StandAloneTest" name="logOut" time="7.687"/>
  <testcase classname="srimettu.tests.StandAloneTest" name="logIn" time="7.726"/>
  <testcase classname="srimettu.tests.StandAloneTest" name="bAlertClear" time="9.999"/>
</testsuite> <!-- srimettu.tests.StandAloneTest -->
